{"level":"INFO ","msg":"server started","time":"2025-12-15T09:09:49+01:00"}
{"level":"INFO ","msg":"payload received","time":"2025-12-15T09:09:49+01:00"}
{"level":"INFO ","msg":"server started","time":"2025-12-15T09:11:05+01:00"}
{"level":"INFO ","msg":"payload received","time":"2025-12-15T09:11:41+01:00"}
{"level":"INFO ","msg":"server started","time":"2025-12-15T09:15:43+01:00"}
{"level":"INFO ","msg":"payload received","req_id":"req-abc-123","time":"2025-12-15T09:15:43+01:00"}
{"level":"INFO ","msg":"server started","time":"2025-12-15T09:31:07+01:00"}
{"level":"INFO ","msg":"payload received","req_id":"req-abc-123","time":"2025-12-15T09:31:07+01:00"}
{"level":"INFO ","msg":"server started","time":"2025-12-15T09:32:00+01:00"}
{"level":"INFO ","msg":"payload received","req_id":"req-abc-123","time":"2025-12-15T09:32:00+01:00","user":"alice"}
{"level":"INFO ","msg":"server started","time":"2025-12-15T09:33:52+01:00"}
{"level":"INFO ","msg":"payload received","req_id":"req-abc-123","time":"2025-12-15T09:33:52+01:00","user":"alice"}
{"level":"INFO ","msg":"server started","time":"2025-12-15T09:34:35+01:00"}
{"level":"INFO ","msg":"payload received","req_id":"req-abc-123","time":"2025-12-15T09:34:35+01:00","user":"alice"}
{"level":"INFO ","msg":"eveything allright now","req_id":"req-abc-123","time":"2025-12-15T09:34:35+01:00","user":"alice"}
{"level":"INFO ","msg":"server started","time":"2025-12-15T09:36:29+01:00"}
{"bytes":512,"level":"INFO ","msg":"payload received","req_id":"req-abc-123","time":"2025-12-15T09:36:29+01:00"}
{"level":"INFO ","msg":"payload received","req_id":"req-abc-123","time":"2025-12-15T09:36:29+01:00","user":"alice"}
{"level":"INFO ","msg":"eveything allright now","req_id":"req-abc-123","time":"2025-12-15T09:36:29+01:00","user":"alice"}
{"level":"INFO ","msg":"server started","time":"2025-12-15T09:37:00+01:00"}
{"bytes":512,"level":"INFO ","msg":"bytes received","req_id":"req-abc-123","time":"2025-12-15T09:37:00+01:00"}
{"level":"INFO ","msg":"payload received","req_id":"req-abc-123","time":"2025-12-15T09:37:00+01:00","user":"alice"}
{"level":"INFO ","msg":"eveything allright now","req_id":"req-abc-123","time":"2025-12-15T09:37:00+01:00","user":"alice"}
{"level":"INFO ","msg":"server started","time":"2025-12-15T17:06:35+01:00"}
{"bytes":512,"level":"INFO ","msg":"bytes received","req_id":"req-abc-123","time":"2025-12-15T17:06:35+01:00"}
{"level":"INFO ","msg":"payload received","req_id":"req-abc-123","time":"2025-12-15T17:06:35+01:00","user":"alice"}
{"level":"INFO ","msg":"eveything allright now","req_id":"req-abc-123","time":"2025-12-15T17:06:35+01:00","user":"alice"}
{"level":"INFO ","msg":"server started","time":"2025-12-15T17:08:20+01:00"}
{"bytes":512,"level":"INFO ","msg":"bytes received","req_id":"req-abc-123","time":"2025-12-15T17:08:20+01:00"}
{"level":"INFO ","msg":"payload received","req_id":"req-abc-123","time":"2025-12-15T17:08:20+01:00","user":"alice"}
{"level":"INFO ","msg":"eveything allright now","req_id":"req-abc-123","time":"2025-12-15T17:08:20+01:00","user":"alice"}
{"level":"INFO ","msg":"server started","time":"2025-12-15T17:10:28+01:00"}
{"bytes":512,"level":"INFO ","msg":"bytes received","req_id":"req-abc-123","time":"2025-12-15T17:10:28+01:00"}
{"level":"INFO ","msg":"payload received","req_id":"req-abc-123","time":"2025-12-15T17:10:28+01:00","user":"alice"}
{"level":"INFO ","msg":"eveything allright now","req_id":"req-abc-123","time":"2025-12-15T17:10:28+01:00","user":"alice"}
